{"level":"ERROR","ts":"2024-05-04T20:20:48.875+0300","msg":"[can not ping the database: dial tcp [::1]:5432: connectex: No connection could be made because the target machine actively refused it.]"}
{"level":"ERROR","ts":"2024-05-08T14:11:28.452+0300","msg":"[can't open database: sql: unknown driver \"sqlite3\" (forgotten import?)]"}
{"level":"ERROR","ts":"2024-05-08T14:13:40.074+0300","msg":"[can't open database: sql: unknown driver \"sqlite3\" (forgotten import?)]"}
{"level":"INFO","ts":"2024-05-08T14:16:13.888+0300","msg":"[Bot Starting...]"}
{"level":"ERROR","ts":"2024-05-08T14:16:14.124+0300","msg":"[can't connect to the bot: Not Found]"}
{"level":"ERROR","ts":"2024-05-08T14:16:14.124+0300","msg":"[bot failed to start: Not Found]"}
{"level":"INFO","ts":"2024-05-08T14:17:46.829+0300","msg":"[Bot Starting...]"}
{"level":"INFO","ts":"2024-05-08T14:17:47.376+0300","msg":"[Authorized on account slava_server_alert_bot]"}
{"level":"ERROR","ts":"2024-05-08T14:31:48.125+0300","msg":"[no such table: users]"}
{"level":"INFO","ts":"2024-05-08T14:40:09.757+0300","msg":"[Received an interrupt, Bot stopped...]"}
{"level":"INFO","ts":"2024-05-08T14:40:20.502+0300","msg":"[Bot Starting...]"}
{"level":"INFO","ts":"2024-05-08T14:40:20.766+0300","msg":"[Authorized on account slava_server_alert_bot]"}
{"level":"INFO","ts":"2024-05-08T14:42:04.442+0300","msg":"[Received an interrupt, Bot stopped...]"}
{"level":"INFO","ts":"2024-05-08T14:42:10.049+0300","msg":"[Bot Starting...]"}
{"level":"INFO","ts":"2024-05-08T14:42:10.269+0300","msg":"[Authorized on account slava_server_alert_bot]"}
{"level":"ERROR","ts":"2024-05-08T14:42:30.235+0300","msg":"[no such table: users]"}
{"level":"ERROR","ts":"2024-05-08T15:08:07.857+0300","msg":"[no such table: users]"}
{"level":"INFO","ts":"2024-05-08T15:08:41.028+0300","msg":"[Received an interrupt, Bot stopped...]"}
{"level":"INFO","ts":"2024-05-08T15:09:08.298+0300","msg":"[Bot Starting...]"}
{"level":"INFO","ts":"2024-05-08T15:09:08.548+0300","msg":"[Authorized on account slava_server_alert_bot]"}
{"level":"ERROR","ts":"2024-05-08T15:09:13.151+0300","msg":"[no such table: users]"}
{"level":"INFO","ts":"2024-05-08T15:10:00.914+0300","msg":"[Received an interrupt, Bot stopped...]"}
{"level":"INFO","ts":"2024-05-08T15:10:06.680+0300","msg":"[Bot Starting...]"}
{"level":"INFO","ts":"2024-05-08T15:10:06.889+0300","msg":"[Authorized on account slava_server_alert_bot]"}
{"level":"ERROR","ts":"2024-05-08T15:10:26.143+0300","msg":"[no such table: users]"}
{"level":"INFO","ts":"2024-05-08T15:35:47.018+0300","msg":"[Received an interrupt, Bot stopped...]"}
{"level":"INFO","ts":"2024-05-08T16:37:01.137+0300","msg":"[Bot Starting...]"}
{"level":"INFO","ts":"2024-05-08T16:37:01.395+0300","msg":"[Authorized on account slava_server_alert_bot]"}
{"level":"ERROR","ts":"2024-05-08T16:37:01.616+0300","msg":"[no such table: users]"}
{"level":"ERROR","ts":"2024-05-08T16:37:01.617+0300","msg":"[no such table: users]"}
{"level":"ERROR","ts":"2024-05-08T16:37:17.344+0300","msg":"[no such table: users]"}
{"level":"INFO","ts":"2024-05-08T18:16:54.917+0300","msg":"[Bot Starting...]"}
{"level":"INFO","ts":"2024-05-08T18:16:55.939+0300","msg":"[Authorized on account slava_server_alert_bot]"}
{"level":"INFO","ts":"2024-05-08T18:17:20.737+0300","msg":"[Received an interrupt, Bot stopped...]"}
{"level":"INFO","ts":"2024-05-09T08:35:58.794+0300","msg":"[Bot Starting...]"}
{"level":"INFO","ts":"2024-05-09T08:35:59.002+0300","msg":"[Authorized on account slava_server_alert_bot]"}
{"level":"ERROR","ts":"2024-05-09T08:37:41.631+0300","msg":"[no such table: users]"}
{"level":"INFO","ts":"2024-05-09T08:40:40.783+0300","msg":"[Received an interrupt, Bot stopped...]"}
{"level":"INFO","ts":"2024-05-09T08:40:46.481+0300","msg":"[Bot Starting...]"}
{"level":"INFO","ts":"2024-05-09T08:40:46.737+0300","msg":"[Authorized on account slava_server_alert_bot]"}
{"level":"ERROR","ts":"2024-05-09T08:40:51.017+0300","msg":"[no such table: users]"}
{"level":"INFO","ts":"2024-05-09T08:41:11.887+0300","msg":"[Received an interrupt, Bot stopped...]"}
{"level":"INFO","ts":"2024-05-09T10:42:55.079+0300","msg":"[Bot Starting...]"}
{"level":"INFO","ts":"2024-05-09T10:42:55.272+0300","msg":"[Authorized on account slava_server_alert_bot]"}
{"level":"ERROR","ts":"2024-05-09T10:43:07.506+0300","msg":"[no such table: users]"}
{"level":"INFO","ts":"2024-05-09T10:44:30.518+0300","msg":"[Received an interrupt, Bot stopped...]"}
{"level":"INFO","ts":"2024-05-09T10:44:35.128+0300","msg":"[Bot Starting...]"}
{"level":"INFO","ts":"2024-05-09T10:44:35.324+0300","msg":"[Authorized on account slava_server_alert_bot]"}
{"level":"INFO","ts":"2024-05-09T10:45:29.830+0300","msg":"[Received an interrupt, Bot stopped...]"}
{"level":"INFO","ts":"2024-05-09T13:28:05.460+0300","msg":"[Bot Starting...]"}
{"level":"INFO","ts":"2024-05-09T13:28:05.675+0300","msg":"[Authorized on account slava_server_alert_bot]"}
{"level":"ERROR","ts":"2024-05-09T13:28:22.962+0300","msg":"[no such table: users]"}
{"level":"INFO","ts":"2024-05-09T16:14:22.387+0300","msg":"[Received an interrupt, Bot stopped...]"}
{"level":"INFO","ts":"2024-05-09T16:35:49.455+0300","msg":"[Bot Starting...]"}
{"level":"INFO","ts":"2024-05-09T16:35:49.676+0300","msg":"[Authorized on account slava_server_alert_bot]"}
{"level":"ERROR","ts":"2024-05-09T16:35:55.549+0300","msg":"[no such table: users]"}
{"level":"INFO","ts":"2024-05-09T16:43:45.197+0300","msg":"[Received an interrupt, Bot stopped...]"}
{"level":"INFO","ts":"2024-05-09T16:44:47.305+0300","msg":"[Bot Starting...]"}
{"level":"INFO","ts":"2024-05-09T16:44:49.669+0300","msg":"[Authorized on account slava_server_alert_bot]"}
{"level":"INFO","ts":"2024-05-09T17:02:55.562+0300","msg":"[Received an interrupt, Bot stopped...]"}
{"level":"INFO","ts":"2024-05-09T17:03:25.081+0300","msg":"[Bot Starting...]"}
{"level":"INFO","ts":"2024-05-09T17:03:25.292+0300","msg":"[Authorized on account slava_server_alert_bot]"}
{"level":"INFO","ts":"2024-05-09T17:06:17.856+0300","msg":"[Received an interrupt, Bot stopped...]"}
{"level":"INFO","ts":"2024-05-09T17:06:22.825+0300","msg":"[Bot Starting...]"}
{"level":"INFO","ts":"2024-05-09T17:06:23.023+0300","msg":"[Authorized on account slava_server_alert_bot]"}
{"level":"INFO","ts":"2024-05-09T17:06:45.324+0300","msg":"[UserEnterMode ==  true]"}
{"level":"INFO","ts":"2024-05-09T17:08:23.217+0300","msg":"[Received an interrupt, Bot stopped...]"}
{"level":"INFO","ts":"2024-05-09T17:08:57.414+0300","msg":"[Bot Starting...]"}
{"level":"INFO","ts":"2024-05-09T17:08:57.605+0300","msg":"[Authorized on account slava_server_alert_bot]"}
{"level":"INFO","ts":"2024-05-09T17:09:10.606+0300","msg":"[UserEnterMode ==  true]"}
{"level":"INFO","ts":"2024-05-09T17:09:52.440+0300","msg":"[Received an interrupt, Bot stopped...]"}
{"level":"INFO","ts":"2024-05-09T17:10:04.946+0300","msg":"[Bot Starting...]"}
{"level":"INFO","ts":"2024-05-09T17:10:05.163+0300","msg":"[Authorized on account slava_server_alert_bot]"}
{"level":"INFO","ts":"2024-05-09T17:10:16.086+0300","msg":"[UserEnterMode ==  true]"}
{"level":"INFO","ts":"2024-05-09T17:11:12.880+0300","msg":"[Received an interrupt, Bot stopped...]"}
{"level":"INFO","ts":"2024-05-09T17:11:19.402+0300","msg":"[Bot Starting...]"}
{"level":"INFO","ts":"2024-05-09T17:11:19.591+0300","msg":"[Authorized on account slava_server_alert_bot]"}
{"level":"INFO","ts":"2024-05-09T17:11:34.124+0300","msg":"[UserEnterMode ==  true Msg:  ]"}
{"level":"INFO","ts":"2024-05-09T17:13:48.085+0300","msg":"[UserEnterMode ==  false Msg:  Введите корректное сообщение или команду.]"}
{"level":"INFO","ts":"2024-05-09T17:13:57.624+0300","msg":"[Received an interrupt, Bot stopped...]"}
{"level":"INFO","ts":"2024-05-09T17:14:02.513+0300","msg":"[Bot Starting...]"}
{"level":"INFO","ts":"2024-05-09T17:14:02.723+0300","msg":"[Authorized on account slava_server_alert_bot]"}
{"level":"INFO","ts":"2024-05-09T17:14:15.953+0300","msg":"[UserEnterMode ==  true Msg:  ]"}
{"level":"INFO","ts":"2024-05-09T17:16:11.016+0300","msg":"[Received an interrupt, Bot stopped...]"}
{"level":"INFO","ts":"2024-05-09T17:17:21.816+0300","msg":"[Bot Starting...]"}
{"level":"INFO","ts":"2024-05-09T17:17:22.033+0300","msg":"[Authorized on account slava_server_alert_bot]"}
{"level":"INFO","ts":"2024-05-09T17:17:32.539+0300","msg":"[UserEnterMode ==  true Msg:  ]"}
{"level":"ERROR","ts":"2024-05-09T17:18:09.871+0300","msg":"[no such table: users]"}
{"level":"INFO","ts":"2024-05-09T17:18:21.105+0300","msg":"[UserEnterMode ==  true Msg:  ]"}
{"level":"INFO","ts":"2024-05-09T20:02:21.912+0300","msg":"[UserEnterMode ==  true Msg:  ]"}
{"level":"INFO","ts":"2024-05-09T20:02:27.137+0300","msg":"[UserEnterMode ==  false Msg:  Введите корректное сообщение или команду.]"}
{"level":"INFO","ts":"2024-05-09T20:04:16.806+0300","msg":"[Received an interrupt, Bot stopped...]"}
{"level":"INFO","ts":"2024-05-09T20:04:26.822+0300","msg":"[Bot Starting...]"}
{"level":"INFO","ts":"2024-05-09T20:04:27.044+0300","msg":"[Authorized on account slava_server_alert_bot]"}
{"level":"INFO","ts":"2024-05-09T20:04:39.627+0300","msg":"[UserEnterMode ==  true Msg:  ]"}
{"level":"INFO","ts":"2024-05-09T20:04:41.614+0300","msg":"[UserEnterMode ==  true Msg:  ]"}
{"level":"INFO","ts":"2024-05-09T20:04:43.579+0300","msg":"[UserEnterMode ==  true Msg:  ]"}
{"level":"INFO","ts":"2024-05-09T20:05:27.521+0300","msg":"[UserEnterMode ==  true Msg:  ]"}
{"level":"INFO","ts":"2024-05-09T20:05:29.445+0300","msg":"[UserEnterMode ==  true Msg:  ]"}
{"level":"INFO","ts":"2024-05-09T21:14:13.611+0300","msg":"[Received an interrupt, Bot stopped...]"}
{"level":"INFO","ts":"2024-05-09T21:17:42.213+0300","msg":"[Bot Starting...]"}
{"level":"INFO","ts":"2024-05-09T21:17:42.461+0300","msg":"[Authorized on account slava_server_alert_bot]"}
{"level":"ERROR","ts":"2024-05-09T21:18:04.241+0300","msg":"[no such table: Info]"}
{"level":"ERROR","ts":"2024-05-09T21:18:04.242+0300","msg":"[no such table: Info]"}
{"level":"ERROR","ts":"2024-05-09T21:18:04.242+0300","msg":"[no such table: Info]"}
{"level":"INFO","ts":"2024-05-09T21:20:51.897+0300","msg":"[Received an interrupt, Bot stopped...]"}
{"level":"INFO","ts":"2024-05-09T21:30:50.427+0300","msg":"[Bot Starting...]"}
{"level":"INFO","ts":"2024-05-09T21:30:50.663+0300","msg":"[Authorized on account slava_server_alert_bot]"}
{"level":"ERROR","ts":"2024-05-09T21:30:50.886+0300","msg":"[no such table: users]"}
{"level":"ERROR","ts":"2024-05-09T21:30:56.588+0300","msg":"[no such table: users]"}
{"level":"ERROR","ts":"2024-05-09T21:31:02.223+0300","msg":"[no such table: users]"}
{"level":"INFO","ts":"2024-05-09T21:42:33.548+0300","msg":"[Received an interrupt, Bot stopped...]"}
{"level":"INFO","ts":"2024-05-09T21:42:40.519+0300","msg":"[Bot Starting...]"}
{"level":"INFO","ts":"2024-05-09T21:42:40.736+0300","msg":"[Authorized on account slava_server_alert_bot]"}
{"level":"INFO","ts":"2024-05-09T22:01:34.988+0300","msg":"[Received an interrupt, Bot stopped...]"}
{"level":"INFO","ts":"2024-05-09T22:01:42.534+0300","msg":"[Bot Starting...]"}
{"level":"INFO","ts":"2024-05-09T22:01:45.262+0300","msg":"[Authorized on account slava_server_alert_bot]"}
